[2017-05-12 05:10:02] local.ERROR: PDOException: SQLSTATE[22001]: String data, right truncated: 1406 Data too long for column 'password' at row 1 in D:\application\apache\htdocs\incourse\vendor\laravel\framework\src\Illuminate\Database\Connection.php:449
Stack trace:
#0 D:\application\apache\htdocs\incourse\vendor\laravel\framework\src\Illuminate\Database\Connection.php(449): PDOStatement->execute()
#1 D:\application\apache\htdocs\incourse\vendor\laravel\framework\src\Illuminate\Database\Connection.php(640): Illuminate\Database\Connection->Illuminate\Database\{closure}('insert into `in...', Array)
#2 D:\application\apache\htdocs\incourse\vendor\laravel\framework\src\Illuminate\Database\Connection.php(607): Illuminate\Database\Connection->runQueryCallback('insert into `in...', Array, Object(Closure))
#3 D:\application\apache\htdocs\incourse\vendor\laravel\framework\src\Illuminate\Database\Connection.php(450): Illuminate\Database\Connection->run('insert into `in...', Array, Object(Closure))
#4 D:\application\apache\htdocs\incourse\vendor\laravel\framework\src\Illuminate\Database\Connection.php(404): Illuminate\Database\Connection->statement('insert into `in...', Array)
#5 D:\application\apache\htdocs\incourse\vendor\laravel\framework\src\Illuminate\Database\Query\Builder.php(2122): Illuminate\Database\Connection->insert('insert into `in...', Array)
#6 D:\application\apache\htdocs\incourse\database\seeds\DatabaseSeeder.php(18): Illuminate\Database\Query\Builder->insert(Array)
#7 [internal function]: DatabaseSeeder->run()
#8 D:\application\apache\htdocs\incourse\vendor\laravel\framework\src\Illuminate\Container\BoundMethod.php(29): call_user_func_array(Array, Array)
#9 D:\application\apache\htdocs\incourse\vendor\laravel\framework\src\Illuminate\Container\BoundMethod.php(87): Illuminate\Container\BoundMethod::Illuminate\Container\{closure}()
#10 D:\application\apache\htdocs\incourse\vendor\laravel\framework\src\Illuminate\Container\BoundMethod.php(31): Illuminate\Container\BoundMethod::callBoundMethod(Object(Illuminate\Foundation\Application), Array, Object(Closure))
#11 D:\application\apache\htdocs\incourse\vendor\laravel\framework\src\Illuminate\Container\Container.php(531): Illuminate\Container\BoundMethod::call(Object(Illuminate\Foundation\Application), Array, Array, NULL)
#12 D:\application\apache\htdocs\incourse\vendor\laravel\framework\src\Illuminate\Database\Seeder.php(114): Illuminate\Container\Container->call(Array)
#13 D:\application\apache\htdocs\incourse\vendor\laravel\framework\src\Illuminate\Database\Console\Seeds\SeedCommand.php(63): Illuminate\Database\Seeder->__invoke()
#14 D:\application\apache\htdocs\incourse\vendor\laravel\framework\src\Illuminate\Database\Eloquent\Concerns\GuardsAttributes.php(122): Illuminate\Database\Console\Seeds\SeedCommand->Illuminate\Database\Console\Seeds\{closure}()
#15 D:\application\apache\htdocs\incourse\vendor\laravel\framework\src\Illuminate\Database\Console\Seeds\SeedCommand.php(64): Illuminate\Database\Eloquent\Model::unguarded(Object(Closure))
#16 [internal function]: Illuminate\Database\Console\Seeds\SeedCommand->fire()
#17 D:\application\apache\htdocs\incourse\vendor\laravel\framework\src\Illuminate\Container\BoundMethod.php(29): call_user_func_array(Array, Array)
#18 D:\application\apache\htdocs\incourse\vendor\laravel\framework\src\Illuminate\Container\BoundMethod.php(87): Illuminate\Container\BoundMethod::Illuminate\Container\{closure}()
#19 D:\application\apache\htdocs\incourse\vendor\laravel\framework\src\Illuminate\Container\BoundMethod.php(31): Illuminate\Container\BoundMethod::callBoundMethod(Object(Illuminate\Foundation\Application), Array, Object(Closure))
#20 D:\application\apache\htdocs\incourse\vendor\laravel\framework\src\Illuminate\Container\Container.php(531): Illuminate\Container\BoundMethod::call(Object(Illuminate\Foundation\Application), Array, Array, NULL)
#21 D:\application\apache\htdocs\incourse\vendor\laravel\framework\src\Illuminate\Console\Command.php(182): Illuminate\Container\Container->call(Array)
#22 D:\application\apache\htdocs\incourse\vendor\symfony\console\Command\Command.php(264): Illuminate\Console\Command->execute(Object(Symfony\Component\Console\Input\ArgvInput), Object(Illuminate\Console\OutputStyle))
#23 D:\application\apache\htdocs\incourse\vendor\laravel\framework\src\Illuminate\Console\Command.php(167): Symfony\Component\Console\Command\Command->run(Object(Symfony\Component\Console\Input\ArgvInput), Object(Illuminate\Console\OutputStyle))
#24 D:\application\apache\htdocs\incourse\vendor\symfony\console\Application.php(835): Illuminate\Console\Command->run(Object(Symfony\Component\Console\Input\ArgvInput), Object(Symfony\Component\Console\Output\ConsoleOutput))
#25 D:\application\apache\htdocs\incourse\vendor\symfony\console\Application.php(200): Symfony\Component\Console\Application->doRunCommand(Object(Illuminate\Database\Console\Seeds\SeedCommand), Object(Symfony\Component\Console\Input\ArgvInput), Object(Symfony\Component\Console\Output\ConsoleOutput))
#26 D:\application\apache\htdocs\incourse\vendor\symfony\console\Application.php(124): Symfony\Component\Console\Application->doRun(Object(Symfony\Component\Console\Input\ArgvInput), Object(Symfony\Component\Console\Output\ConsoleOutput))
#27 D:\application\apache\htdocs\incourse\vendor\laravel\framework\src\Illuminate\Foundation\Console\Kernel.php(122): Symfony\Component\Console\Application->run(Object(Symfony\Component\Console\Input\ArgvInput), Object(Symfony\Component\Console\Output\ConsoleOutput))
#28 D:\application\apache\htdocs\incourse\artisan(35): Illuminate\Foundation\Console\Kernel->handle(Object(Symfony\Component\Console\Input\ArgvInput), Object(Symfony\Component\Console\Output\ConsoleOutput))
#29 {main}

Next Illuminate\Database\QueryException: SQLSTATE[22001]: String data, right truncated: 1406 Data too long for column 'password' at row 1 (SQL: insert into `incourse_school` (`title`, `username`, `password`) values (杭州第二中学, hangzhouerzhong, $2y$10$vxjl.SszPjc6vi7pXrcSvuVe03EPnjExjg0l3Tng3Y/kYvzo0CRYO)) in D:\application\apache\htdocs\incourse\vendor\laravel\framework\src\Illuminate\Database\Connection.php:647
Stack trace:
#0 D:\application\apache\htdocs\incourse\vendor\laravel\framework\src\Illuminate\Database\Connection.php(607): Illuminate\Database\Connection->runQueryCallback('insert into `in...', Array, Object(Closure))
#1 D:\application\apache\htdocs\incourse\vendor\laravel\framework\src\Illuminate\Database\Connection.php(450): Illuminate\Database\Connection->run('insert into `in...', Array, Object(Closure))
#2 D:\application\apache\htdocs\incourse\vendor\laravel\framework\src\Illuminate\Database\Connection.php(404): Illuminate\Database\Connection->statement('insert into `in...', Array)
#3 D:\application\apache\htdocs\incourse\vendor\laravel\framework\src\Illuminate\Database\Query\Builder.php(2122): Illuminate\Database\Connection->insert('insert into `in...', Array)
#4 D:\application\apache\htdocs\incourse\database\seeds\DatabaseSeeder.php(18): Illuminate\Database\Query\Builder->insert(Array)
#5 [internal function]: DatabaseSeeder->run()
#6 D:\application\apache\htdocs\incourse\vendor\laravel\framework\src\Illuminate\Container\BoundMethod.php(29): call_user_func_array(Array, Array)
#7 D:\application\apache\htdocs\incourse\vendor\laravel\framework\src\Illuminate\Container\BoundMethod.php(87): Illuminate\Container\BoundMethod::Illuminate\Container\{closure}()
#8 D:\application\apache\htdocs\incourse\vendor\laravel\framework\src\Illuminate\Container\BoundMethod.php(31): Illuminate\Container\BoundMethod::callBoundMethod(Object(Illuminate\Foundation\Application), Array, Object(Closure))
#9 D:\application\apache\htdocs\incourse\vendor\laravel\framework\src\Illuminate\Container\Container.php(531): Illuminate\Container\BoundMethod::call(Object(Illuminate\Foundation\Application), Array, Array, NULL)
#10 D:\application\apache\htdocs\incourse\vendor\laravel\framework\src\Illuminate\Database\Seeder.php(114): Illuminate\Container\Container->call(Array)
#11 D:\application\apache\htdocs\incourse\vendor\laravel\framework\src\Illuminate\Database\Console\Seeds\SeedCommand.php(63): Illuminate\Database\Seeder->__invoke()
#12 D:\application\apache\htdocs\incourse\vendor\laravel\framework\src\Illuminate\Database\Eloquent\Concerns\GuardsAttributes.php(122): Illuminate\Database\Console\Seeds\SeedCommand->Illuminate\Database\Console\Seeds\{closure}()
#13 D:\application\apache\htdocs\incourse\vendor\laravel\framework\src\Illuminate\Database\Console\Seeds\SeedCommand.php(64): Illuminate\Database\Eloquent\Model::unguarded(Object(Closure))
#14 [internal function]: Illuminate\Database\Console\Seeds\SeedCommand->fire()
#15 D:\application\apache\htdocs\incourse\vendor\laravel\framework\src\Illuminate\Container\BoundMethod.php(29): call_user_func_array(Array, Array)
#16 D:\application\apache\htdocs\incourse\vendor\laravel\framework\src\Illuminate\Container\BoundMethod.php(87): Illuminate\Container\BoundMethod::Illuminate\Container\{closure}()
#17 D:\application\apache\htdocs\incourse\vendor\laravel\framework\src\Illuminate\Container\BoundMethod.php(31): Illuminate\Container\BoundMethod::callBoundMethod(Object(Illuminate\Foundation\Application), Array, Object(Closure))
#18 D:\application\apache\htdocs\incourse\vendor\laravel\framework\src\Illuminate\Container\Container.php(531): Illuminate\Container\BoundMethod::call(Object(Illuminate\Foundation\Application), Array, Array, NULL)
#19 D:\application\apache\htdocs\incourse\vendor\laravel\framework\src\Illuminate\Console\Command.php(182): Illuminate\Container\Container->call(Array)
#20 D:\application\apache\htdocs\incourse\vendor\symfony\console\Command\Command.php(264): Illuminate\Console\Command->execute(Object(Symfony\Component\Console\Input\ArgvInput), Object(Illuminate\Console\OutputStyle))
#21 D:\application\apache\htdocs\incourse\vendor\laravel\framework\src\Illuminate\Console\Command.php(167): Symfony\Component\Console\Command\Command->run(Object(Symfony\Component\Console\Input\ArgvInput), Object(Illuminate\Console\OutputStyle))
#22 D:\application\apache\htdocs\incourse\vendor\symfony\console\Application.php(835): Illuminate\Console\Command->run(Object(Symfony\Component\Console\Input\ArgvInput), Object(Symfony\Component\Console\Output\ConsoleOutput))
#23 D:\application\apache\htdocs\incourse\vendor\symfony\console\Application.php(200): Symfony\Component\Console\Application->doRunCommand(Object(Illuminate\Database\Console\Seeds\SeedCommand), Object(Symfony\Component\Console\Input\ArgvInput), Object(Symfony\Component\Console\Output\ConsoleOutput))
#24 D:\application\apache\htdocs\incourse\vendor\symfony\console\Application.php(124): Symfony\Component\Console\Application->doRun(Object(Symfony\Component\Console\Input\ArgvInput), Object(Symfony\Component\Console\Output\ConsoleOutput))
#25 D:\application\apache\htdocs\incourse\vendor\laravel\framework\src\Illuminate\Foundation\Console\Kernel.php(122): Symfony\Component\Console\Application->run(Object(Symfony\Component\Console\Input\ArgvInput), Object(Symfony\Component\Console\Output\ConsoleOutput))
#26 D:\application\apache\htdocs\incourse\artisan(35): Illuminate\Foundation\Console\Kernel->handle(Object(Symfony\Component\Console\Input\ArgvInput), Object(Symfony\Component\Console\Output\ConsoleOutput))
#27 {main}  
